#
# There is insufficient memory for the Java Runtime Environment to continue.
# Native memory allocation (malloc) failed to allocate 42991616 bytes for committing reserved memory.
# Possible reasons:
#   The system is out of physical RAM or swap space
#   In 32 bit mode, the process size limit was hit
# Possible solutions:
#   Reduce memory load on the system
#   Increase physical memory or swap space
#   Check if swap backing store is full
#   Use 64 bit Java on a 64 bit OS
#   Decrease Java heap size (-Xmx/-Xms)
#   Decrease number of Java threads
#   Decrease Java thread stack sizes (-Xss)
#   Set larger code cache with -XX:ReservedCodeCacheSize=
# This output file may be truncated or incomplete.
#
#  Out of Memory Error (os_linux.cpp:2718), pid=29156, tid=140646730626816
#
# JRE version:  (7.0_40-b43) (build )
# Java VM: Java HotSpot(TM) 64-Bit Server VM (24.0-b56 mixed mode linux-amd64 compressed oops)
# Core dump written. Default location: /home/lrochette/GitHub/EC-Admin/src/core or core.29156
#

---------------  T H R E A D  ---------------

Current thread (0x00007fead800a000):  JavaThread "Unknown thread" [_thread_in_vm, id=29161, stack(0x00007feade5af000,0x00007feade6b0000)]

Stack: [0x00007feade5af000,0x00007feade6b0000],  sp=0x00007feade6ae1e0,  free space=1020k
Native frames: (J=compiled Java code, j=interpreted, Vv=VM code, C=native code)
V  [libjvm.so+0x99242a]  VMError::report_and_die()+0x2ea
V  [libjvm.so+0x49316b]  report_vm_out_of_memory(char const*, int, unsigned long, char const*)+0x9b
V  [libjvm.so+0x8128de]  os::Linux::commit_memory_impl(char*, unsigned long, bool)+0xfe
V  [libjvm.so+0x812d8f]  os::Linux::commit_memory_impl(char*, unsigned long, unsigned long, bool)+0x4f
V  [libjvm.so+0x812f4c]  os::pd_commit_memory(char*, unsigned long, unsigned long, bool)+0xc
V  [libjvm.so+0x80d03a]  os::commit_memory(char*, unsigned long, unsigned long, bool)+0x2a
V  [libjvm.so+0x87f203]  PSVirtualSpace::expand_by(unsigned long)+0x53
V  [libjvm.so+0x86e023]  PSOldGen::initialize(ReservedSpace, unsigned long, char const*, int)+0x103
V  [libjvm.so+0x299013]  AdjoiningGenerations::AdjoiningGenerations(ReservedSpace, unsigned long, unsigned long, unsigned long, unsigned long, unsigned long, unsigned long, unsigned long)+0x3e3
V  [libjvm.so+0x833710]  ParallelScavengeHeap::initialize()+0x550
V  [libjvm.so+0x9659fa]  Universe::initialize_heap()+0xca
V  [libjvm.so+0x966bc9]  universe_init()+0x79
V  [libjvm.so+0x5a95c5]  init_globals()+0x65
V  [libjvm.so+0x94e4bd]  Threads::create_vm(JavaVMInitArgs*, bool*)+0x1ed
V  [libjvm.so+0x630004]  JNI_CreateJavaVM+0x74
C  [libjli.so+0x2f8e]  JavaMain+0x9e


---------------  P R O C E S S  ---------------

Java Threads: ( => current thread )

Other Threads:

=>0x00007fead800a000 (exited) JavaThread "Unknown thread" [_thread_in_vm, id=29161, stack(0x00007feade5af000,0x00007feade6b0000)]

VM state:not at safepoint (not fully initialized)

VM Mutex/Monitor currently owned by a thread: None

GC Heap History (0 events):
No events

Deoptimization events (0 events):
No events

Internal exceptions (0 events):
No events

Events (0 events):
No events


Dynamic libraries:
00400000-00401000 r-xp 00000000 08:01 960035                             /opt/electriccloud/electriccommander/jre/bin/java
00600000-00601000 rw-p 00000000 08:01 960035                             /opt/electriccloud/electriccommander/jre/bin/java
00975000-00996000 rw-p 00000000 00:00 0                                  [heap]
bd000000-c2200000 rw-p 00000000 00:00 0 
c4b00000-eb600000 rw-p 00000000 00:00 0 
eb600000-ecb00000 rw-p 00000000 00:00 0 
ecb00000-100000000 rw-p 00000000 00:00 0 
7fead442e000-7fead4599000 rw-p 00000000 00:00 0 
7fead4599000-7fead470c000 rw-p 00000000 00:00 0 
7fead470c000-7fead4717000 rw-p 00000000 00:00 0 
7fead4717000-7fead47b1000 rw-p 00000000 00:00 0 
7fead47b1000-7fead47b2000 rw-p 00000000 00:00 0 
7fead47b2000-7fead4a22000 rwxp 00000000 00:00 0 
7fead4a22000-7fead77b2000 rw-p 00000000 00:00 0 
7fead77b2000-7fead77cc000 r-xp 00000000 08:01 960142                     /opt/electriccloud/electriccommander/jre/lib/amd64/libzip.so
7fead77cc000-7fead79cc000 ---p 0001a000 08:01 960142                     /opt/electriccloud/electriccommander/jre/lib/amd64/libzip.so
7fead79cc000-7fead79cd000 rw-p 0001a000 08:01 960142                     /opt/electriccloud/electriccommander/jre/lib/amd64/libzip.so
7fead79cd000-7fead79d9000 r-xp 00000000 08:01 683959                     /lib/x86_64-linux-gnu/libnss_files-2.15.so
7fead79d9000-7fead7bd8000 ---p 0000c000 08:01 683959                     /lib/x86_64-linux-gnu/libnss_files-2.15.so
7fead7bd8000-7fead7bd9000 r--p 0000b000 08:01 683959                     /lib/x86_64-linux-gnu/libnss_files-2.15.so
7fead7bd9000-7fead7bda000 rw-p 0000c000 08:01 683959                     /lib/x86_64-linux-gnu/libnss_files-2.15.so
7fead7bda000-7fead7be4000 r-xp 00000000 08:01 683832                     /lib/x86_64-linux-gnu/libnss_nis-2.15.so
7fead7be4000-7fead7de4000 ---p 0000a000 08:01 683832                     /lib/x86_64-linux-gnu/libnss_nis-2.15.so
7fead7de4000-7fead7de5000 r--p 0000a000 08:01 683832                     /lib/x86_64-linux-gnu/libnss_nis-2.15.so
7fead7de5000-7fead7de6000 rw-p 0000b000 08:01 683832                     /lib/x86_64-linux-gnu/libnss_nis-2.15.so
7fead7de6000-7fead7dfd000 r-xp 00000000 08:01 684032                     /lib/x86_64-linux-gnu/libnsl-2.15.so
7fead7dfd000-7fead7ffc000 ---p 00017000 08:01 684032                     /lib/x86_64-linux-gnu/libnsl-2.15.so
7fead7ffc000-7fead7ffd000 r--p 00016000 08:01 684032                     /lib/x86_64-linux-gnu/libnsl-2.15.so
7fead7ffd000-7fead7ffe000 rw-p 00017000 08:01 684032                     /lib/x86_64-linux-gnu/libnsl-2.15.so
7fead7ffe000-7fead8000000 rw-p 00000000 00:00 0 
7fead8000000-7fead8025000 rw-p 00000000 00:00 0 
7fead8025000-7feadc000000 ---p 00000000 00:00 0 
7feadc037000-7feadc111000 rw-p 00000000 00:00 0 
7feadc111000-7feadc119000 r-xp 00000000 08:01 684045                     /lib/x86_64-linux-gnu/libnss_compat-2.15.so
7feadc119000-7feadc318000 ---p 00008000 08:01 684045                     /lib/x86_64-linux-gnu/libnss_compat-2.15.so
7feadc318000-7feadc319000 r--p 00007000 08:01 684045                     /lib/x86_64-linux-gnu/libnss_compat-2.15.so
7feadc319000-7feadc31a000 rw-p 00008000 08:01 684045                     /lib/x86_64-linux-gnu/libnss_compat-2.15.so
7feadc31a000-7feadc343000 r-xp 00000000 08:01 960109                     /opt/electriccloud/electriccommander/jre/lib/amd64/libjava.so
7feadc343000-7feadc543000 ---p 00029000 08:01 960109                     /opt/electriccloud/electriccommander/jre/lib/amd64/libjava.so
7feadc543000-7feadc545000 rw-p 00029000 08:01 960109                     /opt/electriccloud/electriccommander/jre/lib/amd64/libjava.so
7feadc545000-7feadc552000 r-xp 00000000 08:01 960141                     /opt/electriccloud/electriccommander/jre/lib/amd64/libverify.so
7feadc552000-7feadc751000 ---p 0000d000 08:01 960141                     /opt/electriccloud/electriccommander/jre/lib/amd64/libverify.so
7feadc751000-7feadc753000 rw-p 0000c000 08:01 960141                     /opt/electriccloud/electriccommander/jre/lib/amd64/libverify.so
7feadc753000-7feadc75a000 r-xp 00000000 08:01 683990                     /lib/x86_64-linux-gnu/librt-2.15.so
7feadc75a000-7feadc959000 ---p 00007000 08:01 683990                     /lib/x86_64-linux-gnu/librt-2.15.so
7feadc959000-7feadc95a000 r--p 00006000 08:01 683990                     /lib/x86_64-linux-gnu/librt-2.15.so
7feadc95a000-7feadc95b000 rw-p 00007000 08:01 683990                     /lib/x86_64-linux-gnu/librt-2.15.so
7feadc95b000-7feadca56000 r-xp 00000000 08:01 683919                     /lib/x86_64-linux-gnu/libm-2.15.so
7feadca56000-7feadcc55000 ---p 000fb000 08:01 683919                     /lib/x86_64-linux-gnu/libm-2.15.so
7feadcc55000-7feadcc56000 r--p 000fa000 08:01 683919                     /lib/x86_64-linux-gnu/libm-2.15.so
7feadcc56000-7feadcc57000 rw-p 000fb000 08:01 683919                     /lib/x86_64-linux-gnu/libm-2.15.so
7feadcc57000-7feadd7b9000 r-xp 00000000 08:01 960149                     /opt/electriccloud/electriccommander/jre/lib/amd64/server/libjvm.so
7feadd7b9000-7feadd9b9000 ---p 00b62000 08:01 960149                     /opt/electriccloud/electriccommander/jre/lib/amd64/server/libjvm.so
7feadd9b9000-7feadda7c000 rw-p 00b62000 08:01 960149                     /opt/electriccloud/electriccommander/jre/lib/amd64/server/libjvm.so
7feadda7c000-7feaddabd000 rw-p 00000000 00:00 0 
7feaddabd000-7feaddc71000 r-xp 00000000 08:01 684006                     /lib/x86_64-linux-gnu/libc-2.15.so
7feaddc71000-7feadde70000 ---p 001b4000 08:01 684006                     /lib/x86_64-linux-gnu/libc-2.15.so
7feadde70000-7feadde74000 r--p 001b3000 08:01 684006                     /lib/x86_64-linux-gnu/libc-2.15.so
7feadde74000-7feadde76000 rw-p 001b7000 08:01 684006                     /lib/x86_64-linux-gnu/libc-2.15.so
7feadde76000-7feadde7b000 rw-p 00000000 00:00 0 
7feadde7b000-7feadde7d000 r-xp 00000000 08:01 684063                     /lib/x86_64-linux-gnu/libdl-2.15.so
7feadde7d000-7feade07d000 ---p 00002000 08:01 684063                     /lib/x86_64-linux-gnu/libdl-2.15.so
7feade07d000-7feade07e000 r--p 00002000 08:01 684063                     /lib/x86_64-linux-gnu/libdl-2.15.so
7feade07e000-7feade07f000 rw-p 00003000 08:01 684063                     /lib/x86_64-linux-gnu/libdl-2.15.so
7feade07f000-7feade095000 r-xp 00000000 08:01 960146                     /opt/electriccloud/electriccommander/jre/lib/amd64/jli/libjli.so
7feade095000-7feade295000 ---p 00016000 08:01 960146                     /opt/electriccloud/electriccommander/jre/lib/amd64/jli/libjli.so
7feade295000-7feade296000 rw-p 00016000 08:01 960146                     /opt/electriccloud/electriccommander/jre/lib/amd64/jli/libjli.so
7feade296000-7feade2ae000 r-xp 00000000 08:01 683943                     /lib/x86_64-linux-gnu/libpthread-2.15.so
7feade2ae000-7feade4ad000 ---p 00018000 08:01 683943                     /lib/x86_64-linux-gnu/libpthread-2.15.so
7feade4ad000-7feade4ae000 r--p 00017000 08:01 683943                     /lib/x86_64-linux-gnu/libpthread-2.15.so
7feade4ae000-7feade4af000 rw-p 00018000 08:01 683943                     /lib/x86_64-linux-gnu/libpthread-2.15.so
7feade4af000-7feade4b3000 rw-p 00000000 00:00 0 
7feade4b3000-7feade4d5000 r-xp 00000000 08:01 683983                     /lib/x86_64-linux-gnu/ld-2.15.so
7feade4ef000-7feade4f9000 rw-p 00000000 00:00 0 
7feade4f9000-7feade5af000 rw-p 00000000 00:00 0 
7feade5af000-7feade5b2000 ---p 00000000 00:00 0 
7feade5b2000-7feade6b4000 rw-p 00000000 00:00 0                          [stack:29161]
7feade6c7000-7feade6c9000 rw-p 00000000 00:00 0 
7feade6c9000-7feade6d1000 rw-s 00000000 08:01 1066778                    /tmp/hsperfdata_lrochette/29156
7feade6d1000-7feade6d2000 rw-p 00000000 00:00 0 
7feade6d2000-7feade6d3000 r--p 00000000 00:00 0 
7feade6d3000-7feade6d5000 rw-p 00000000 00:00 0 
7feade6d5000-7feade6d6000 r--p 00022000 08:01 683983                     /lib/x86_64-linux-gnu/ld-2.15.so
7feade6d6000-7feade6d8000 rw-p 00023000 08:01 683983                     /lib/x86_64-linux-gnu/ld-2.15.so
7ffdc421d000-7ffdc423e000 rw-p 00000000 00:00 0                          [stack]
7ffdc42e6000-7ffdc42e8000 r-xp 00000000 00:00 0                          [vdso]
ffffffffff600000-ffffffffff601000 r-xp 00000000 00:00 0                  [vsyscall]

VM Arguments:
jvm_args: -Dant.home=/opt/electriccloud/CommanderSDK/tools/ant -Dant.library.dir=/opt/electriccloud/CommanderSDK/tools/ant/lib 
java_command: org.apache.tools.ant.launch.Launcher -cp  build
Launcher Type: SUN_STANDARD

Environment Variables:
JAVA_HOME=/opt/electriccloud/electriccommander/jre
PATH=/home/lrochette/com:/home/lrochette/bin:/usr/local/bin:/usr/bin:/bin:/usr/local/games:/usr/games:/opt/electriccloud/electriccommander/bin:/opt/electriccloud/electriccommander/bin:/opt/electriccloud/electriccommander/bin:/opt/electriccloud/electriccommander/bin

Signal Handlers:
SIGSEGV: [libjvm.so+0x992d50], sa_mask[0]=0x7ffbfeff, sa_flags=0x10000004
SIGBUS: [libjvm.so+0x992d50], sa_mask[0]=0x7ffbfeff, sa_flags=0x10000004
SIGFPE: [libjvm.so+0x80fb00], sa_mask[0]=0x7ffbfeff, sa_flags=0x10000004
SIGPIPE: [libjvm.so+0x80fb00], sa_mask[0]=0x7ffbfeff, sa_flags=0x10000004
SIGXFSZ: [libjvm.so+0x80fb00], sa_mask[0]=0x7ffbfeff, sa_flags=0x10000004
SIGILL: [libjvm.so+0x80fb00], sa_mask[0]=0x7ffbfeff, sa_flags=0x10000004
SIGUSR1: SIG_DFL, sa_mask[0]=0x00000000, sa_flags=0x00000000
SIGUSR2: [libjvm.so+0x810ff0], sa_mask[0]=0x00000000, sa_flags=0x10000004
SIGHUP: SIG_DFL, sa_mask[0]=0x00000000, sa_flags=0x00000000
SIGINT: SIG_DFL, sa_mask[0]=0x00000000, sa_flags=0x00000000
SIGTERM: SIG_DFL, sa_mask[0]=0x00000000, sa_flags=0x00000000
SIGQUIT: SIG_DFL, sa_mask[0]=0x00000000, sa_flags=0x00000000


---------------  S Y S T E M  ---------------

OS:wheezy/sid

uname:Linux 3.13.0-74-generic #118~precise1-Ubuntu SMP Fri Dec 18 10:38:55 UTC 2015 x86_64
libc:glibc 2.15 NPTL 2.15 
rlimit: STACK 8192k, CORE infinity, NPROC 31390, NOFILE 4096, AS infinity
load average:0.52 0.18 0.14

/proc/meminfo:
MemTotal:        4047668 kB
MemFree:           94960 kB
Buffers:            2476 kB
Cached:            36904 kB
SwapCached:            0 kB
Active:          3779108 kB
Inactive:          22860 kB
Active(anon):    3763800 kB
Inactive(anon):     4728 kB
Active(file):      15308 kB
Inactive(file):    18132 kB
Unevictable:           0 kB
Mlocked:               0 kB
SwapTotal:             0 kB
SwapFree:              0 kB
Dirty:              2132 kB
Writeback:             0 kB
AnonPages:       3763012 kB
Mapped:            22152 kB
Shmem:              5452 kB
Slab:              56996 kB
SReclaimable:      28404 kB
SUnreclaim:        28592 kB
KernelStack:        6088 kB
PageTables:        35632 kB
NFS_Unstable:          0 kB
Bounce:                0 kB
WritebackTmp:          0 kB
CommitLimit:     2023832 kB
Committed_AS:    6868764 kB
VmallocTotal:   34359738367 kB
VmallocUsed:       14152 kB
VmallocChunk:   34359720220 kB
HardwareCorrupted:     0 kB
AnonHugePages:   2416640 kB
HugePages_Total:       0
HugePages_Free:        0
HugePages_Rsvd:        0
HugePages_Surp:        0
Hugepagesize:       2048 kB
DirectMap4k:       69568 kB
DirectMap2M:     4124672 kB


CPU:total 4 (4 cores per cpu, 1 threads per core) family 6 model 70 stepping 1, cmov, cx8, fxsr, mmx, sse, sse2, sse3, ssse3, sse4.1, sse4.2, popcnt, avx, aes, tsc, tscinvbit

/proc/cpuinfo:
processor	: 0
vendor_id	: GenuineIntel
cpu family	: 6
model		: 70
model name	: Intel(R) Core(TM) i7-4850HQ CPU @ 2.30GHz
stepping	: 1
cpu MHz		: 2294.741
cache size	: 6144 KB
physical id	: 0
siblings	: 4
core id		: 0
cpu cores	: 4
apicid		: 0
initial apicid	: 0
fpu		: yes
fpu_exception	: yes
cpuid level	: 13
wp		: yes
flags		: fpu vme de pse tsc msr pae mce cx8 apic sep mtrr pge mca cmov pat pse36 clflush mmx fxsr sse sse2 ht syscall nx rdtscp lm constant_tsc rep_good nopl xtopology nonstop_tsc pni pclmulqdq ssse3 cx16 sse4_1 sse4_2 movbe popcnt aes xsave avx rdrand lahf_lm abm
bogomips	: 4589.48
clflush size	: 64
cache_alignment	: 64
address sizes	: 39 bits physical, 48 bits virtual
power management:

processor	: 1
vendor_id	: GenuineIntel
cpu family	: 6
model		: 70
model name	: Intel(R) Core(TM) i7-4850HQ CPU @ 2.30GHz
stepping	: 1
cpu MHz		: 2294.741
cache size	: 6144 KB
physical id	: 0
siblings	: 4
core id		: 1
cpu cores	: 4
apicid		: 1
initial apicid	: 1
fpu		: yes
fpu_exception	: yes
cpuid level	: 13
wp		: yes
flags		: fpu vme de pse tsc msr pae mce cx8 apic sep mtrr pge mca cmov pat pse36 clflush mmx fxsr sse sse2 ht syscall nx rdtscp lm constant_tsc rep_good nopl xtopology nonstop_tsc pni pclmulqdq ssse3 cx16 sse4_1 sse4_2 movbe popcnt aes xsave avx rdrand lahf_lm abm
bogomips	: 4589.48
clflush size	: 64
cache_alignment	: 64
address sizes	: 39 bits physical, 48 bits virtual
power management:

processor	: 2
vendor_id	: GenuineIntel
cpu family	: 6
model		: 70
model name	: Intel(R) Core(TM) i7-4850HQ CPU @ 2.30GHz
stepping	: 1
cpu MHz		: 2294.741
cache size	: 6144 KB
physical id	: 0
siblings	: 4
core id		: 2
cpu cores	: 4
apicid		: 2
initial apicid	: 2
fpu		: yes
fpu_exception	: yes
cpuid level	: 13
wp		: yes
flags		: fpu vme de pse tsc msr pae mce cx8 apic sep mtrr pge mca cmov pat pse36 clflush mmx fxsr sse sse2 ht syscall nx rdtscp lm constant_tsc rep_good nopl xtopology nonstop_tsc pni pclmulqdq ssse3 cx16 sse4_1 sse4_2 movbe popcnt aes xsave avx rdrand lahf_lm abm
bogomips	: 4589.48
clflush size	: 64
cache_alignment	: 64
address sizes	: 39 bits physical, 48 bits virtual
power management:

processor	: 3
vendor_id	: GenuineIntel
cpu family	: 6
model		: 70
model name	: Intel(R) Core(TM) i7-4850HQ CPU @ 2.30GHz
stepping	: 1
cpu MHz		: 2294.741
cache size	: 6144 KB
physical id	: 0
siblings	: 4
core id		: 3
cpu cores	: 4
apicid		: 3
initial apicid	: 3
fpu		: yes
fpu_exception	: yes
cpuid level	: 13
wp		: yes
flags		: fpu vme de pse tsc msr pae mce cx8 apic sep mtrr pge mca cmov pat pse36 clflush mmx fxsr sse sse2 ht syscall nx rdtscp lm constant_tsc rep_good nopl xtopology nonstop_tsc pni pclmulqdq ssse3 cx16 sse4_1 sse4_2 movbe popcnt aes xsave avx rdrand lahf_lm abm
bogomips	: 4589.48
clflush size	: 64
cache_alignment	: 64
address sizes	: 39 bits physical, 48 bits virtual
power management:



Memory: 4k page, physical 4047668k(94960k free), swap 0k(0k free)

vm_info: Java HotSpot(TM) 64-Bit Server VM (24.0-b56) for linux-amd64 JRE (1.7.0_40-b43), built on Aug 26 2013 23:53:33 by "java_re" with gcc 4.3.0 20080428 (Red Hat 4.3.0-8)

time: Fri Feb 12 14:20:16 2016
elapsed time: 0 seconds

